\BOOKMARK [1][-]{section.1}{\376\377\000Z\000u\000s\000a\000m\000m\000e\000n\000f\000a\000s\000s\000u\000n\000g}{}% 1
\BOOKMARK [1][-]{section.2}{\376\377\000F\000a\000l\000l\000b\000e\000s\000c\000h\000l\000e\000u\000n\000i\000g\000u\000n\000g\000\040\000u\000n\000d\000\040\000T\000r\000\344\000g\000h\000e\000i\000t\000s\000m\000o\000m\000e\000n\000t\000\040\000e\000i\000n\000e\000s\000\040\000F\000a\000l\000l\000r\000a\000d\000e\000s}{}% 2
\BOOKMARK [2][-]{subsection.2.1}{\376\377\000M\000e\000t\000h\000o\000d\000e\000n}{section.2}% 3
\BOOKMARK [3][-]{subsubsection.2.1.1}{\376\377\000A\000u\000f\000b\000a\000u}{subsection.2.1}% 4
\BOOKMARK [3][-]{subsubsection.2.1.2}{\376\377\000D\000u\000r\000c\000h\000f\000\374\000h\000r\000u\000n\000g}{subsection.2.1}% 5
\BOOKMARK [3][-]{subsubsection.2.1.3}{\376\377\000U\000n\000s\000i\000c\000h\000e\000r\000h\000e\000i\000t\000e\000n}{subsection.2.1}% 6
\BOOKMARK [2][-]{subsection.2.2}{\376\377\000M\000e\000s\000s\000u\000n\000g}{section.2}% 7
\BOOKMARK [3][-]{subsubsection.2.2.1}{\376\377\000M\000e\000s\000s\000w\000e\000r\000t\000e}{subsection.2.2}% 8
\BOOKMARK [3][-]{subsubsection.2.2.2}{\376\377\000M\000e\000s\000s\000e\000r\000g\000e\000b\000n\000i\000s\000s\000e}{subsection.2.2}% 9
\BOOKMARK [2][-]{subsection.2.3}{\376\377\000D\000i\000s\000k\000u\000s\000s\000i\000o\000n}{section.2}% 10
\BOOKMARK [2][-]{subsection.2.4}{\376\377\000S\000c\000h\000l\000u\000s\000s\000f\000o\000l\000g\000e\000r\000u\000n\000g}{section.2}% 11
\BOOKMARK [1][-]{section.3}{\376\377\000K\000r\000e\000i\000s\000e\000l}{}% 12
\BOOKMARK [2][-]{subsection.3.1}{\376\377\000M\000e\000t\000h\000o\000d\000e\000n}{section.3}% 13
\BOOKMARK [3][-]{subsubsection.3.1.1}{\376\377\000A\000u\000f\000b\000a\000u}{subsection.3.1}% 14
\BOOKMARK [3][-]{subsubsection.3.1.2}{\376\377\000K\000o\000m\000p\000l\000i\000k\000a\000t\000i\000o\000n\000e\000n}{subsection.3.1}% 15
\BOOKMARK [3][-]{subsubsection.3.1.3}{\376\377\000U\000n\000s\000i\000c\000h\000e\000r\000h\000e\000i\000t\000e\000n}{subsection.3.1}% 16
\BOOKMARK [2][-]{subsection.3.2}{\376\377\000M\000e\000s\000s\000u\000n\000g}{section.3}% 17
\BOOKMARK [2][-]{subsection.3.3}{\376\377\000Z\000u\000s\000a\000m\000m\000e\000n\000f\000a\000s\000s\000u\000n\000g}{section.3}% 18
\BOOKMARK [2][-]{subsection.3.4}{\376\377\000S\000c\000h\000l\000u\000s\000s\000f\000o\000l\000g\000e\000r\000u\000n\000g}{section.3}% 19
\BOOKMARK [1][-]{section.4}{\376\377\000A\000n\000h\000a\000n\000g}{}% 20
\BOOKMARK [2][-]{subsection.4.1}{\376\377\000U\000n\000s\000i\000c\000h\000e\000r\000h\000e\000i\000t\000e\000n\000\040\000F\000a\000l\000l\000r\000a\000d}{section.4}% 21
\BOOKMARK [2][-]{subsection.4.2}{\376\377\000U\000n\000s\000i\000c\000h\000e\000r\000h\000e\000i\000t\000e\000n\000\040\000f\000\374\000r\000\040\000K\000r\000e\000i\000s\000e\000l}{section.4}% 22
