\BOOKMARK [1][-]{section.1}{Kurzfassung}{}% 1
\BOOKMARK [1][-]{section.2}{Fallbeschleunigung und Tr\344gheitsmoment eines Fallrades}{}% 2
\BOOKMARK [2][-]{subsection.2.1}{Methoden}{section.2}% 3
\BOOKMARK [3][-]{subsubsection.2.1.1}{Aufbau}{subsection.2.1}% 4
\BOOKMARK [3][-]{subsubsection.2.1.2}{Durchf\374hrung}{subsection.2.1}% 5
\BOOKMARK [3][-]{subsubsection.2.1.3}{Unsicherheiten}{subsection.2.1}% 6
\BOOKMARK [2][-]{subsection.2.2}{Messung}{section.2}% 7
\BOOKMARK [3][-]{subsubsection.2.2.1}{Messwerte}{subsection.2.2}% 8
\BOOKMARK [3][-]{subsubsection.2.2.2}{Messergebnisse}{subsection.2.2}% 9
\BOOKMARK [2][-]{subsection.2.3}{Diskussion}{section.2}% 10
\BOOKMARK [2][-]{subsection.2.4}{Schlussfolgerung}{section.2}% 11
\BOOKMARK [1][-]{section.3}{Kreisel}{}% 12
\BOOKMARK [2][-]{subsection.3.1}{Methoden}{section.3}% 13
\BOOKMARK [3][-]{subsubsection.3.1.1}{Aufbau}{subsection.3.1}% 14
\BOOKMARK [3][-]{subsubsection.3.1.2}{Komplikationen}{subsection.3.1}% 15
\BOOKMARK [3][-]{subsubsection.3.1.3}{Unsicherheiten}{subsection.3.1}% 16
\BOOKMARK [2][-]{subsection.3.2}{Messung}{section.3}% 17
\BOOKMARK [2][-]{subsection.3.3}{Zusammenfassung}{section.3}% 18
\BOOKMARK [2][-]{subsection.3.4}{Schlussfolgerung}{section.3}% 19
\BOOKMARK [1][-]{section.4}{Anhang}{}% 20
\BOOKMARK [2][-]{subsection.4.1}{Unsicherheiten Fallrad}{section.4}% 21
\BOOKMARK [2][-]{subsection.4.2}{Unsicherheiten f\374r Kreisel}{section.4}% 22
