\BOOKMARK [1][-]{section.1}{\376\377\000K\000u\000r\000z\000f\000a\000s\000s\000u\000n\000g}{}% 1
\BOOKMARK [1][-]{section.2}{\376\377\000M\000e\000t\000h\000o\000d\000e\000n}{}% 2
\BOOKMARK [2][-]{subsection.2.1}{\376\377\000A\000u\000f\000b\000a\000u}{section.2}% 3
\BOOKMARK [2][-]{subsection.2.2}{\376\377\000K\000a\000m\000e\000r\000a\000\040\000u\000n\000d\000\040\000O\000b\000j\000e\000k\000t\000i\000v\000e}{section.2}% 4
\BOOKMARK [2][-]{subsection.2.3}{\376\377\000G\000r\000u\000n\000d\000l\000e\000g\000e\000n\000d\000e\000\040\000T\000h\000e\000o\000r\000i\000e}{section.2}% 5
\BOOKMARK [1][-]{section.3}{\376\377\000D\000u\000r\000c\000h\000f\000\374\000h\000r\000u\000n\000g}{}% 6
\BOOKMARK [2][-]{subsection.3.1}{\376\377\000A\000u\000f\000n\000a\000h\000m\000e\000n\000\040\000m\000i\000t\000\040\000d\000e\000m\000\040\000N\000i\000k\000k\000o\000r\000\040\000O\000b\000j\000e\000k\000t\000i\000v}{section.3}% 7
\BOOKMARK [2][-]{subsection.3.2}{\376\377\000A\000u\000f\000n\000a\000h\000m\000e\000n\000\040\000m\000i\000t\000\040\000d\000e\000r\000\040\000E\000i\000n\000z\000e\000l\000l\000i\000n\000s\000e}{section.3}% 8
\BOOKMARK [1][-]{section.4}{\376\377\000D\000a\000t\000e\000n\000a\000n\000a\000l\000y\000s\000e}{}% 9
\BOOKMARK [2][-]{subsection.4.1}{\376\377\000S\000c\000h\000\344\000r\000f\000e\000n\000t\000i\000e\000f\000e\000\040\000b\000e\000i\000\040\000d\000e\000m\000\040\000N\000i\000k\000k\000o\000r\000\040\000O\000b\000j\000e\000k\000t\000i\000v}{section.4}% 10
\BOOKMARK [2][-]{subsection.4.2}{\376\377\000A\000u\000f\000l\000\366\000s\000u\000n\000g\000\040\000b\000e\000i\000\040\000d\000e\000m\000\040\000N\000i\000k\000k\000o\000r\000-\000O\000b\000j\000e\000k\000t\000i\000v}{section.4}% 11
\BOOKMARK [2][-]{subsection.4.3}{\376\377\000A\000u\000f\000l\000\366\000s\000u\000n\000g\000\040\000b\000e\000i\000\040\000d\000e\000r\000\040\000E\000i\000n\000z\000e\000l\000l\000i\000n\000s\000e}{section.4}% 12
\BOOKMARK [3][-]{subsubsection.4.3.1}{\376\377\000e\000i\000n\000f\000a\000c\000h\000e\000\040\000B\000l\000e\000n\000d\000e\000n}{subsection.4.3}% 13
\BOOKMARK [3][-]{subsubsection.4.3.2}{\376\377\000L\000o\000c\000h\000b\000l\000e\000n\000d\000e}{subsection.4.3}% 14
\BOOKMARK [1][-]{section.5}{\376\377\000D\000i\000s\000k\000u\000s\000s\000i\000o\000n}{}% 15
\BOOKMARK [1][-]{section.6}{\376\377\000S\000c\000h\000l\000u\000s\000s\000f\000o\000l\000g\000e\000r\000u\000n\000g}{}% 16
\BOOKMARK [1][-]{section.7}{\376\377\000A\000n\000h\000a\000n\000g}{}% 17
\BOOKMARK [2][-]{subsection.7.1}{\376\377\000U\000n\000s\000i\000c\000h\000e\000r\000h\000e\000i\000t\000e\000n}{section.7}% 18
\BOOKMARK [2][-]{subsection.7.2}{\376\377\000Z\000u\000s\000a\000t\000z\000b\000i\000l\000d\000e\000r}{section.7}% 19
\BOOKMARK [1][-]{section*.14}{\376\377\000L\000i\000t\000e\000r\000a\000t\000u\000r}{}% 20
